<?xml version="1.0" encoding="UTF-8"?>
<testsuite xmlns:xsi="http://www.w3.org/2001/XMLSchema-instance" xsi:noNamespaceSchemaLocation="https://maven.apache.org/surefire/maven-surefire-plugin/xsd/surefire-test-report.xsd" name="com.leyton.utils.DiscountUtilsTest" time="2.235" tests="6" errors="0" skipped="0" failures="0">
  <properties>
[...]
</properties>
  <testcase name="calculate_discount_seniority_5_OK_Test" classname="com.leyton.utils.DiscountUtilsTest" time="0.108"/>
  <testcase name="calculate_discount_seniority_5_KO_Test" classname="com.leyton.utils.DiscountUtilsTest" time="0"/>
  <testcase name="calculate_discount_small_seniority_OK_test" classname="com.leyton.utils.DiscountUtilsTest" time="0.001"/>
  <testcase name="calculate_discount_small_seniority_KO_test" classname="com.leyton.utils.DiscountUtilsTest" time="0.001"/>
  <testcase name="calculate_discount_big_seniority_OK_test" classname="com.leyton.utils.DiscountUtilsTest" time="0"/>
  <testcase name="calculate_discount_seniority_between_3_and_5_OK_test" classname="com.leyton.utils.DiscountUtilsTest" time="0.001"/>
</testsuite>